#
# An unexpected error has been detected by Java Runtime Environment:
#
#  Internal Error (classFileParser.cpp:2924), pid=2380, tid=1888
#  Error: ShouldNotReachHere()
#
# Java VM: Java HotSpot(TM) Client VM (10.0-b19 mixed mode windows-x86)
# If you would like to submit a bug report, please visit:
#   http://java.sun.com/webapps/bugreport/crash.jsp
#

---------------  T H R E A D  ---------------

Current thread (0x01587c00):  JavaThread "Unknown thread" [_thread_in_vm, id=1888, stack(0x00340000,0x00390000)]

Stack: [0x00340000,0x00390000]

[error occurred during error reporting (printing native stack), id 0xc0000005]


---------------  P R O C E S S  ---------------

Java Threads: ( => current thread )

Other Threads:

=>0x01587c00 (exited) JavaThread "Unknown thread" [_thread_in_vm, id=1888, stack(0x00340000,0x00390000)]

VM state:not at safepoint (not fully initialized)

VM Mutex/Monitor currently owned by a thread: None

Dynamic libraries:
0x00400000 - 0x00423000 	D:\Android yog\adt-bundle-windows-x86-20130729\eclipse\jre\bin\javaw.exe
0x77bf0000 - 0x77d2c000 	C:\Windows\SYSTEM32\ntdll.dll
0x778d0000 - 0x779a4000 	C:\Windows\system32\kernel32.dll
0x75f40000 - 0x75f8b000 	C:\Windows\system32\KERNELBASE.dll
0x76220000 - 0x762c0000 	C:\Windows\system32\ADVAPI32.dll
0x77140000 - 0x771ec000 	C:\Windows\system32\msvcrt.dll
0x77d70000 - 0x77d89000 	C:\Windows\SYSTEM32\sechost.dll
0x77620000 - 0x776c1000 	C:\Windows\system32\RPCRT4.dll
0x771f0000 - 0x772b9000 	C:\Windows\system32\USER32.dll
0x770d0000 - 0x7711e000 	C:\Windows\system32\GDI32.dll
0x77d60000 - 0x77d6a000 	C:\Windows\system32\LPK.dll
0x762f0000 - 0x7638e000 	C:\Windows\system32\USP10.dll
0x77120000 - 0x7713f000 	C:\Windows\system32\IMM32.DLL
0x774c0000 - 0x7758c000 	C:\Windows\system32\MSCTF.dll
0x7c340000 - 0x7c396000 	D:\Android yog\adt-bundle-windows-x86-20130729\eclipse\jre\bin\msvcr71.dll
0x6d7c0000 - 0x6da10000 	D:\Android yog\adt-bundle-windows-x86-20130729\eclipse\jre\bin\client\jvm.dll
0x740e0000 - 0x74112000 	C:\Windows\system32\WINMM.dll
0x75bf0000 - 0x75c3b000 	C:\Windows\system32\apphelp.dll
0x6d270000 - 0x6d278000 	D:\Android yog\adt-bundle-windows-x86-20130729\eclipse\jre\bin\hpi.dll
0x77d40000 - 0x77d45000 	C:\Windows\system32\PSAPI.DLL
0x6d770000 - 0x6d77c000 	D:\Android yog\adt-bundle-windows-x86-20130729\eclipse\jre\bin\verify.dll
0x6d310000 - 0x6d32f000 	D:\Android yog\adt-bundle-windows-x86-20130729\eclipse\jre\bin\java.dll
0x6d7b0000 - 0x6d7bf000 	D:\Android yog\adt-bundle-windows-x86-20130729\eclipse\jre\bin\zip.dll

VM Arguments:
jvm_args: -Dfile.encoding=Cp1252 -Xbootclasspath:D:\Android yog\adt-bundle-windows-x86-20130729\sdk\platforms\android-19\android.jar 
java_command: com.onine.shivasanghatana.HttpURLConnectionExample
Launcher Type: SUN_STANDARD

Environment Variables:
JAVA_HOME=C:\Program Files\Java\jdk1.7.0_05
PATH=D:/Android yog/adt-bundle-windows-x86-20130729/eclipse/jre/bin/client;D:/Android yog/adt-bundle-windows-x86-20130729/eclipse/jre/bin;D:/Android yog/adt-bundle-windows-x86-20130729/eclipse/jre/lib/i386;C:\Program Files\Common Files\Microsoft Shared\Windows Live;C:\Program Files\PC Connectivity Solution\;C:\Windows\system32;C:\Windows;C:\Windows\System32\Wbem;C:\Windows\System32\WindowsPowerShell\v1.0\;C:\Program Files\WIDCOMM\Bluetooth Software\;D:\All Software\apache-tomcat-6.0.35\bin;C:\Program Files\Java\jdk1.7.0_05;C:\Program Files\TortoiseSVN\bin;D:\Software Require For WIMS\Apache Maven 3.0.3\apache-maven-3.0\apache-maven-3.0.3\bin;C:\Program Files\erl5.10.1\bin;D:\All Software\apache-activemq-5.5.0\bin;C:\Program Files\Windows Live\Shared;C:\Program Files\InfiniteGraph\3.1\bin;C:\Program Files\InfiniteGraph\3.1\visualizer;C:\Program Files\MySQL\MySQL Server 5.0\bin;C:\Program Files\nodejs\;C:\Program Files\Git\cmd;C:\Dev-Cpp\bin;C:\Program Files\Java\jdk1.7.0_05\bin;C:\Users\DELL\AppData\Roaming\npm;C:\Program Files\Common Files\Nero\Lib\;D:\Android yog\adt-bundle-windows-x86-20130729\eclipse;
USERNAME=DELL
OS=Windows_NT
PROCESSOR_IDENTIFIER=x86 Family 6 Model 37 Stepping 2, GenuineIntel



---------------  S Y S T E M  ---------------

OS: Windows NT 6.1 Build 7600 

CPU:total 4 (8 cores per cpu, 2 threads per core) family 6 model 5 stepping 2, cmov, cx8, fxsr, mmx, sse, sse2, sse3, ssse3, ht

Memory: 4k page, physical 2097151k(975632k free), swap 4194303k(3322588k free)

vm_info: Java HotSpot(TM) Client VM (10.0-b19) for windows-x86 JRE (1.6.0_04-b12), built on Dec 14 2007 00:51:20 by "java_re" with MS VC++ 7.1

time: Tue May 05 22:56:23 2015
elapsed time: 0 seconds

